<?xml version="1.0" encoding="UTF-8"?>
<!-- Generated by org.testng.reporters.JUnitReportReporter -->
<testsuite hostname="Raman" failures="0" tests="1" name="testLayer.LoginTest" time="15.279" errors="0" timestamp="2022-11-25T07:40:12 EST" skipped="0">
  <testcase classname="testLayer.LoginTest" name="Title" time="15.279"/>
  <system-out/>
</testsuite> <!-- testLayer.LoginTest -->
